


ARM Macro Assembler    Page 1 


    1 00000000         ; BusyWait.s
    2 00000000         ; Student names: Daniel Davis and Hyokwon Chung
    3 00000000         ; Last modification date: 10/22/2022
    4 00000000         
    5 00000000         ; Runs on TM4C123
    6 00000000         ; Use SPI to send an 8-bit code to the LCD.
    7 00000000         
    8 00000000         ; As part of Lab 7, students need to implement these out
                       command and outdata
    9 00000000         ; This driver assumes two low-level LCD functions
   10 00000000         ; this file is in the inc folder so it automatically wil
                       l be applied to labs 7 8 9 and 10
   11 00000000         
   12 00000000         
   13 00000000                 EXPORT           SPIOutCommand
   14 00000000                 EXPORT           SPIOutData
   15 00000000         
   16 00000000                 AREA             |.text|, CODE, READONLY, ALIGN=
2
   17 00000000                 THUMB
   18 00000000                 ALIGN
   19 00000000         ; Used in ECE319K Labs 7,8,9,10. You write these two fun
                       ctions
   20 00000000         
   21 00000000         ; ***********SPIOutCommand*****************
   22 00000000         ; This is a helper function that sends an 8-bit command 
                       to the LCD.
   23 00000000         ; Inputs: R0 = 32-bit command (number)
   24 00000000         ;         R1 = 32-bit SPI status register address
   25 00000000         ;         R2 = 32-bit SPI data register address
   26 00000000         ;         R3 = 32-bit GPIO port address for D/C
   27 00000000         ; Outputs: none
   28 00000000         ; Assumes: SPI and GPIO have already been initialized an
                       d enabled
   29 00000000         ; Note: must be AAPCS compliant
   30 00000000         ; Note: access to bit 6 of GPIO must be friendly
   31 00000000         SPIOutCommand
   32 00000000         ; --UUU-- Code to write a command to the LCD
   33 00000000         ;1) Read the SPI status register (R1 has address) and ch
                       eck bit 4, 
   34 00000000         ;2) If bit 4 is high, loop back to step 1 (wait for BUSY
                        bit to be low)
   35 00000000         ;3) Clear D/C (GPIO bit 6) to zero, be friendly (R3 has 
                       address)
   36 00000000         ;4) Write the command to the SPI data register (R2 has a
                       ddress)
   37 00000000         ;5) Read the SPI status register (R1 has address) and ch
                       eck bit 4, 
   38 00000000         ;6) If bit 4 is high, loop back to step 5 (wait for BUSY
                        bit to be low)
   39 00000000 E92D 4FF0       PUSH             {R4-R11, LR}
   40 00000004         Step1OutCommand
   41 00000004 680C            LDR              R4, [R1]    ;Load data from SPI
                                                             status
   42 00000006 F004 0410       AND              R4, #0x10   ;Isolate bit
   43 0000000A 2C10            CMP              R4, #0x10   ;Check bit 4
   44 0000000C D0FA            BEQ              Step1OutCommand ;If bit 4 is hi
                                                            gh, loop back
   45 0000000E         



ARM Macro Assembler    Page 2 


   46 0000000E 681D            LDR              R5, [R3]    ;D/C Address data
   47 00000010 F005 05BF       AND              R5, #0xBF   ;Clear the 6th bit
   48 00000014 601D            STR              R5, [R3]    ;Store D/C data bac
                                                            k into address
   49 00000016         
   50 00000016 6010            STR              R0, [R2]    ;Store the command 
                                                            into SPI Data
   51 00000018         
   52 00000018         Step5OutCommand
   53 00000018 680E            LDR              R6, [R1]    ;Load data from SPI
                                                             status
   54 0000001A F006 0610       AND              R6, #0x10   ;Isolate bit
   55 0000001E 2E10            CMP              R6, #0x10   ;Check bit 4
   56 00000020 D0FA            BEQ              Step5OutCommand ;If bit 4 high,
                                                             loop back
   57 00000022 E8BD 4FF0       POP              {R4-R11, LR}
   58 00000026 4770            BX               LR          ;   return
   59 00000028         
   60 00000028         
   61 00000028         
   62 00000028         ; ***********SPIOutData*****************
   63 00000028         ; This is a helper function that sends an 8-bit data to 
                       the LCD.
   64 00000028         ; Inputs: R0 = 32-bit data (number)
   65 00000028         ;         R1 = 32-bit SPI status register address
   66 00000028         ;         R2 = 32-bit SPI data register address
   67 00000028         ;         R3 = 32-bit GPIO port address for D/C
   68 00000028         ; Outputs: none
   69 00000028         ; Assumes: SPI and GPIO have already been initialized an
                       d enabled
   70 00000028         ; Note: must be AAPCS compliant
   71 00000028         ; Note: access to bit 6 of GPIO must be friendly
   72 00000028         SPIOutData
   73 00000028         ; --UUU-- Code to write data to the LCD
   74 00000028         ;1) Read the SPI status register (R1 has address) and ch
                       eck bit 1, 
   75 00000028         ;2) If bit 1 is low, loop back to step 1 (wait for TNF b
                       it to be high)
   76 00000028         ;3) Set D/C (GPIO bit 6) to one, be friendly (R3 has add
                       ress)
   77 00000028         ;4) Write the data to the SPI data register (R2 has addr
                       ess)
   78 00000028 E92D 4FF0       PUSH             {R4-R11, LR}
   79 0000002C         Step1OutData
   80 0000002C 680C            LDR              R4, [R1]    ;Check data from st
                                                            atus register
   81 0000002E F004 0402       AND              R4, #0x02   ;Isolate bit
   82 00000032 2C02            CMP              R4, #0x02   ;Check bit 1
   83 00000034 D1FA            BNE              Step1OutData ;If bit 1 is low t
                                                            hen loop back
   84 00000036         
   85 00000036 681D            LDR              R5, [R3]    ;Get data from D/C 
                                                            address
   86 00000038 F045 0540       ORR              R5, #0x40   ;Make bit 6 high
   87 0000003C 601D            STR              R5, [R3]    ;Store data back in
                                                            to D/C address
   88 0000003E         
   89 0000003E 6010            STR              R0, [R2]    ;Store the data int
                                                            o the SPI data addr



ARM Macro Assembler    Page 3 


                                                            ess
   90 00000040 E8BD 4FF0       POP              {R4-R11, LR}
   91 00000044 4770            BX               LR          ;return
   92 00000046         ;****************************************************
   93 00000046         
   94 00000046 00 00           ALIGN                        ; make sure the end
                                                             of this section is
                                                             aligned
   95 00000048                 END                          ; end of file
Command Line: --debug --xref --diag_suppress=9931 --cpu=Cortex-M4 --apcs=interw
ork --depend=.\busywait.d -o.\busywait.o -I.\RTE\_Lab9 -IC:\Users\kools\AppData
\Local\Arm\Packs\ARM\CMSIS\5.7.0\CMSIS\Core\Include -IC:\Users\kools\AppData\Lo
cal\Arm\Packs\Keil\TM4C_DFP\1.1.0\Device\Include\TM4C123 --predefine="__EVAL SE
TA 1" --predefine="__UVISION_VERSION SETA 534" --predefine="_RTE_ SETA 1" --pre
define="TM4C123GH6PM SETA 1" --predefine="_RTE_ SETA 1" --list=.\busywait.lst .
.\inc\BusyWait.s



ARM Macro Assembler    Page 1 Alphabetic symbol ordering
Relocatable symbols

.text 00000000

Symbol: .text
   Definitions
      At line 16 in file ..\inc\BusyWait.s
   Uses
      None
Comment: .text unused
SPIOutCommand 00000000

Symbol: SPIOutCommand
   Definitions
      At line 31 in file ..\inc\BusyWait.s
   Uses
      At line 13 in file ..\inc\BusyWait.s
Comment: SPIOutCommand used once
SPIOutData 00000028

Symbol: SPIOutData
   Definitions
      At line 72 in file ..\inc\BusyWait.s
   Uses
      At line 14 in file ..\inc\BusyWait.s
Comment: SPIOutData used once
Step1OutCommand 00000004

Symbol: Step1OutCommand
   Definitions
      At line 40 in file ..\inc\BusyWait.s
   Uses
      At line 44 in file ..\inc\BusyWait.s
Comment: Step1OutCommand used once
Step1OutData 0000002C

Symbol: Step1OutData
   Definitions
      At line 79 in file ..\inc\BusyWait.s
   Uses
      At line 83 in file ..\inc\BusyWait.s
Comment: Step1OutData used once
Step5OutCommand 00000018

Symbol: Step5OutCommand
   Definitions
      At line 52 in file ..\inc\BusyWait.s
   Uses
      At line 56 in file ..\inc\BusyWait.s
Comment: Step5OutCommand used once
6 symbols
340 symbols in table
